#
# A fatal error has been detected by the Java Runtime Environment:
#
#  EXCEPTION_ACCESS_VIOLATION (0xc0000005) at pc=0x000000005701bce0, pid=12680, tid=17252
#
# JRE version: Java(TM) SE Runtime Environment (9.0+11) (build 9.0.4+11)
# Java VM: Java HotSpot(TM) 64-Bit Server VM (9.0.4+11, mixed mode, tiered, compressed oops, g1 gc, windows-amd64)
# Problematic frame:
# V  [jvm.dll+0x32bce0]
#
# No core dump will be written. Minidumps are not enabled by default on client versions of Windows
#
# If you would like to submit a bug report, please visit:
#   http://bugreport.java.com/bugreport/crash.jsp
#

---------------  S U M M A R Y ------------

Command Line: -agentlib:jdwp=transport=dt_socket,address=127.0.0.1:49485,suspend=y,server=n -javaagent:C:\Users\nguye\.IdeaIC2017.3\system\groovyHotSwap\gragent.jar -javaagent:C:\Users\nguye\.IdeaIC2017.3\system\captureAgent\debugger-agent.jar=C:\Users\nguye\AppData\Local\Temp\capture315.props -Dfile.encoding=UTF-8 me.fun.inspirational.crawl.flow.InspirationalCrawler

Host: Intel(R) Core(TM) i3-6100U CPU @ 2.30GHz, 4 cores, 11G,  Windows 10 , 64 bit Build 16299 (10.0.16299.15)
Time: Sat Mar 10 15:14:10 2018 SE Asia Standard Time elapsed time: 1173 seconds (0d 0h 19m 33s)

---------------  T H R E A D  ---------------

Current thread (0x0000023dae9ea800):  VMThread "VM Thread" [stack: 0x0000008f2c300000,0x0000008f2c400000] [id=17252]

Stack: [0x0000008f2c300000,0x0000008f2c400000],  sp=0x0000008f2c3fe530,  free space=1017k
Native frames: (J=compiled Java code, j=interpreted, Vv=VM code, C=native code)
V  [jvm.dll+0x32bce0]
V  [jvm.dll+0x327698]
V  [jvm.dll+0x341f4f]
V  [jvm.dll+0x34516d]
V  [jvm.dll+0x296ab0]
V  [jvm.dll+0x296ba9]
V  [jvm.dll+0x2f8791]
V  [jvm.dll+0x2f30be]
V  [jvm.dll+0x2f4193]
V  [jvm.dll+0x2f6073]
V  [jvm.dll+0x2f666e]
V  [jvm.dll+0x2f3e55]
V  [jvm.dll+0x2f3293]
V  [jvm.dll+0x5784ff]
V  [jvm.dll+0x57880c]
V  [jvm.dll+0x5786b3]
V  [jvm.dll+0x578eac]
V  [jvm.dll+0x5470aa]
V  [jvm.dll+0x465311]
V  [jvm.dll+0x6a366b]
V  [jvm.dll+0x6a1e05]
V  [jvm.dll+0x6a25e1]
V  [jvm.dll+0x6a28cc]
V  [jvm.dll+0x586490]
C  [msvcr120.dll+0x24f7f]
C  [msvcr120.dll+0x25126]
C  [KERNEL32.DLL+0x11fe4]
C  [ntdll.dll+0x6efc1]


siginfo: EXCEPTION_ACCESS_VIOLATION (0xc0000005), reading address 0xffffffffffffffff


Register to memory mapping:

RIP=0x000000005701bce0 jvm.dll
RAX=0x030000006f010200 is an unknown value
RBX=0x0000023dae9ea800 is an unknown value
RCX=0x00000007c00016d0 is pointing into metadata
RDX=0x030000006f010200 is an unknown value
RSP=0x0000008f2c3fe530 is an unknown value
RBP=0x0000000000000003 is an unknown value
RSI=0x0000008f2c3fe5f0 is an unknown value
RDI=0x0000000000000000 is an unknown value
R8 =0x0000023dae9ea800 is an unknown value
R9 =0x030000006f010200 is an unknown value
R10=0x0000000000000074 is an unknown value
R11=0x0000000000000074 is an unknown value
R12=0x0000008f2c3ff301 is an unknown value
R13=0x0000000000000000 is an unknown value
R14=0x0000000000000053 is an unknown value
R15=0x0000000000000001 is an unknown value


Registers:
RAX=0x030000006f010200, RBX=0x0000023dae9ea800, RCX=0x00000007c00016d0, RDX=0x030000006f010200
RSP=0x0000008f2c3fe530, RBP=0x0000000000000003, RSI=0x0000008f2c3fe5f0, RDI=0x0000000000000000
R8 =0x0000023dae9ea800, R9 =0x030000006f010200, R10=0x0000000000000074, R11=0x0000000000000074
R12=0x0000008f2c3ff301, R13=0x0000000000000000, R14=0x0000000000000053, R15=0x0000000000000001
RIP=0x000000005701bce0, EFLAGS=0x0000000000010246

Top of Stack: (sp=0x0000008f2c3fe530)
0x0000008f2c3fe530:   00000007c00016d0 0000000000000000
0x0000008f2c3fe540:   0000008f2b7fdf28 0000023dae9ea800
0x0000008f2c3fe550:   0000000000000000 0000000057017698
0x0000008f2c3fe560:   00000007c00016d0 0000023dae9ea800
0x0000008f2c3fe570:   0000008f2c3fe5f0 0000023dae9ea800
0x0000008f2c3fe580:   0000008f2c3fe660 0000000057031f4f
0x0000008f2c3fe590:   0000023dae9ea800 0000000000000000
0x0000008f2c3fe5a0:   0000000000000000 0000000000000000
0x0000008f2c3fe5b0:   0000000000000000 0000023dae8b9180
0x0000008f2c3fe5c0:   0000008f2c3fe660 000000005703516d
0x0000008f2c3fe5d0:   0000023dae8b7470 0000008f2c3fe7c0
0x0000008f2c3fe5e0:   0000000000000053 0000023dabb7a7f8
0x0000008f2c3fe5f0:   0000008f2c3fe6d0 00000000574bb3b0
0x0000008f2c3fe600:   0000023dae9ea800 0000008f2c3fe7c0
0x0000008f2c3fe610:   0000000000000000 0000000056f86ab0
0x0000008f2c3fe620:   0000008f2c3fe7b0 0000023dabb7a701 

Instructions: (pc=0x000000005701bce0)
0x000000005701bcc0:   8b d8 e8 a9 88 d8 ff 48 83 7b 08 00 4c 8b c8 74
0x000000005701bcd0:   04 33 ff eb 23 80 3d 39 bd 62 00 00 74 05 33 ff
0x000000005701bce0:   89 78 0c 48 8d 4d fe 48 8d 78 10 48 85 c9 74 05
0x000000005701bcf0:   33 c0 f3 48 ab 49 8b f9 48 83 7b 08 00 48 8b 74 


VM_Operation (0x0000008f2ceff010): GetOrSetLocal, mode: safepoint, requested by thread 0x0000023daed73000


---------------  P R O C E S S  ---------------

Java Threads: ( => current thread )
  0x0000023daee0a000 JavaThread "Service Thread" daemon [_thread_blocked, id=9536, stack(0x0000008f2d100000,0x0000008f2d200000)]
  0x0000023daed8e800 JavaThread "JDWP Command Reader" daemon [_thread_in_native, id=2656, stack(0x0000008f2d000000,0x0000008f2d100000)]
  0x0000023daed74800 JavaThread "JDWP Event Helper Thread" daemon [_thread_blocked, id=3368, stack(0x0000008f2cf00000,0x0000008f2d000000)]
  0x0000023daed73000 JavaThread "JDWP Transport Listener: dt_socket" daemon [_thread_blocked, id=10092, stack(0x0000008f2ce00000,0x0000008f2cf00000)]
  0x0000023daebd6000 JavaThread "Common-Cleaner" daemon [_thread_blocked, id=14240, stack(0x0000008f2cd00000,0x0000008f2ce00000)]
  0x0000023daebb7000 JavaThread "Sweeper thread" daemon [_thread_blocked, id=9852, stack(0x0000008f2cc00000,0x0000008f2cd00000)]
  0x0000023daebb2000 JavaThread "C1 CompilerThread2" daemon [_thread_blocked, id=19944, stack(0x0000008f2cb00000,0x0000008f2cc00000)]
  0x0000023daea8e800 JavaThread "C2 CompilerThread1" daemon [_thread_blocked, id=6864, stack(0x0000008f2ca00000,0x0000008f2cb00000)]
  0x0000023daea54800 JavaThread "C2 CompilerThread0" daemon [_thread_blocked, id=9096, stack(0x0000008f2c900000,0x0000008f2ca00000)]
  0x0000023daea53800 JavaThread "Attach Listener" daemon [_thread_blocked, id=19124, stack(0x0000008f2c800000,0x0000008f2c900000)]
  0x0000023daea52800 JavaThread "Signal Dispatcher" daemon [_thread_blocked, id=10112, stack(0x0000008f2c700000,0x0000008f2c800000)]
  0x0000023dae9f2800 JavaThread "Finalizer" daemon [_thread_blocked, id=5692, stack(0x0000008f2c500000,0x0000008f2c600000)]
  0x0000023dae9ee800 JavaThread "Reference Handler" daemon [_thread_blocked, id=10572, stack(0x0000008f2c400000,0x0000008f2c500000)]
  0x0000023d88caf800 JavaThread "main" [_thread_blocked, id=13268, stack(0x0000008f2b700000,0x0000008f2b800000)]

Other Threads:
=>0x0000023dae9ea800 VMThread "VM Thread" [stack: 0x0000008f2c300000,0x0000008f2c400000] [id=17252]
  0x0000023daee0b800 WatcherThread [stack: 0x0000008f2d200000,0x0000008f2d300000] [id=13320]
  0x0000023d88cc5000 GCTaskThread "GC Thread#0" [stack: 0x0000008f2b800000,0x0000008f2b900000] [id=15756]
  0x0000023d88cc6800 GCTaskThread "GC Thread#1" [stack: 0x0000008f2b900000,0x0000008f2ba00000] [id=14700]
  0x0000023d88cc8000 GCTaskThread "GC Thread#2" [stack: 0x0000008f2ba00000,0x0000008f2bb00000] [id=15340]
  0x0000023d88cca800 GCTaskThread "GC Thread#3" [stack: 0x0000008f2bb00000,0x0000008f2bc00000] [id=15488]
  0x0000023d88d18000 ConcurrentGCThread "G1 Main Marker" [stack: 0x0000008f2c100000,0x0000008f2c200000] [id=13760]
  0x0000023d88d1c800 ConcurrentGCThread "G1 Marker#0" [stack: 0x0000008f2c200000,0x0000008f2c300000] [id=8548]
  0x0000023d88cda000 ConcurrentGCThread "G1 Refine#0" [stack: 0x0000008f2bf00000,0x0000008f2c000000] [id=17396]
  0x0000023d88cd4000 ConcurrentGCThread "G1 Refine#1" [stack: 0x0000008f2be00000,0x0000008f2bf00000] [id=5928]
  0x0000023d88cd2000 ConcurrentGCThread "G1 Refine#2" [stack: 0x0000008f2bd00000,0x0000008f2be00000] [id=11040]
  0x0000023d88ccf000 ConcurrentGCThread "G1 Refine#3" [stack: 0x0000008f2bc00000,0x0000008f2bd00000] [id=2788]
  0x0000023d88cdb000 ConcurrentGCThread "G1 Young RemSet Sampling" [stack: 0x0000008f2c000000,0x0000008f2c100000] [id=5664]

Threads with active compile tasks:

VM state:at safepoint (normal execution)

VM Mutex/Monitor currently owned by a thread:  ([mutex/lock_event])
[0x0000023d88cae010] Threads_lock - owner thread: 0x0000023dae9ea800

Heap address: 0x0000000701e00000, size: 3042 MB, Compressed Oops mode: Zero based, Oop shift amount: 3
Narrow klass base: 0x0000000000000000, Narrow klass shift: 3
Compressed class space size: 1073741824 Address: 0x00000007c0000000

Heap:
 garbage-first heap   total 196608K, used 18003K [0x0000000701e00000, 0x0000000701f00600, 0x00000007c0000000)
  region size 1024K, 16 young (16384K), 2 survivors (2048K)
 Metaspace       used 14635K, capacity 14924K, committed 15232K, reserved 1062912K
  class space    used 1505K, capacity 1578K, committed 1664K, reserved 1048576K
Heap Regions: E=young(eden), S=young(survivor), O=old, HS=humongous(starts), HC=humongous(continues), CS=collection set, F=free, A=archive, TS=gc time stamp, AC=allocation context, TAMS=top-at-mark-start (previous, next)
|   0|0x0000000701e00000, 0x0000000701f00000, 0x0000000701f00000|100%| O|  |TS  1|AC  0|TAMS 0x0000000701e00000, 0x0000000701e00000|
|   1|0x0000000701f00000, 0x0000000702000000, 0x0000000702000000|100%| O|  |TS  3|AC  0|TAMS 0x0000000701f00000, 0x0000000701f00000|
|   2|0x0000000702000000, 0x00000007020fec00, 0x0000000702100000| 99%| O|  |TS  3|AC  0|TAMS 0x0000000702000000, 0x0000000702000000|
|   3|0x0000000702100000, 0x0000000702100000, 0x0000000702200000|  0%| F|  |TS  0|AC  0|TAMS 0x0000000702100000, 0x0000000702100000|
|   4|0x0000000702200000, 0x0000000702200000, 0x0000000702300000|  0%| F|  |TS  0|AC  0|TAMS 0x0000000702200000, 0x0000000702200000|
|   5|0x0000000702300000, 0x0000000702300000, 0x0000000702400000|  0%| F|  |TS  0|AC  0|TAMS 0x0000000702300000, 0x0000000702300000|
|   6|0x0000000702400000, 0x0000000702400000, 0x0000000702500000|  0%| F|  |TS  0|AC  0|TAMS 0x0000000702400000, 0x0000000702400000|
|   7|0x0000000702500000, 0x0000000702500000, 0x0000000702600000|  0%| F|  |TS  0|AC  0|TAMS 0x0000000702500000, 0x0000000702500000|
|   8|0x0000000702600000, 0x0000000702600000, 0x0000000702700000|  0%| F|  |TS  0|AC  0|TAMS 0x0000000702600000, 0x0000000702600000|
|   9|0x0000000702700000, 0x0000000702700000, 0x0000000702800000|  0%| F|  |TS  0|AC  0|TAMS 0x0000000702700000, 0x0000000702700000|
|  10|0x0000000702800000, 0x0000000702800000, 0x0000000702900000|  0%| F|  |TS  0|AC  0|TAMS 0x0000000702800000, 0x0000000702800000|
|  11|0x0000000702900000, 0x0000000702900000, 0x0000000702a00000|  0%| F|  |TS  0|AC  0|TAMS 0x0000000702900000, 0x0000000702900000|
|  12|0x0000000702a00000, 0x0000000702a00000, 0x0000000702b00000|  0%| F|  |TS  0|AC  0|TAMS 0x0000000702a00000, 0x0000000702a00000|
|  13|0x0000000702b00000, 0x0000000702b00000, 0x0000000702c00000|  0%| F|  |TS  0|AC  0|TAMS 0x0000000702b00000, 0x0000000702b00000|
|  14|0x0000000702c00000, 0x0000000702c00000, 0x0000000702d00000|  0%| F|  |TS  0|AC  0|TAMS 0x0000000702c00000, 0x0000000702c00000|
|  15|0x0000000702d00000, 0x0000000702d00000, 0x0000000702e00000|  0%| F|  |TS  0|AC  0|TAMS 0x0000000702d00000, 0x0000000702d00000|
|  16|0x0000000702e00000, 0x0000000702e00000, 0x0000000702f00000|  0%| F|  |TS  0|AC  0|TAMS 0x0000000702e00000, 0x0000000702e00000|
|  17|0x0000000702f00000, 0x0000000702f00000, 0x0000000703000000|  0%| F|  |TS  0|AC  0|TAMS 0x0000000702f00000, 0x0000000702f00000|
|  18|0x0000000703000000, 0x0000000703000000, 0x0000000703100000|  0%| F|  |TS  0|AC  0|TAMS 0x0000000703000000, 0x0000000703000000|
|  19|0x0000000703100000, 0x0000000703100000, 0x0000000703200000|  0%| F|  |TS  0|AC  0|TAMS 0x0000000703100000, 0x0000000703100000|
|  20|0x0000000703200000, 0x0000000703200000, 0x0000000703300000|  0%| F|  |TS  0|AC  0|TAMS 0x0000000703200000, 0x0000000703200000|
|  21|0x0000000703300000, 0x0000000703300000, 0x0000000703400000|  0%| F|  |TS  0|AC  0|TAMS 0x0000000703300000, 0x0000000703300000|
|  22|0x0000000703400000, 0x0000000703400000, 0x0000000703500000|  0%| F|  |TS  0|AC  0|TAMS 0x0000000703400000, 0x0000000703400000|
|  23|0x0000000703500000, 0x0000000703500000, 0x0000000703600000|  0%| F|  |TS  0|AC  0|TAMS 0x0000000703500000, 0x0000000703500000|
|  24|0x0000000703600000, 0x0000000703600000, 0x0000000703700000|  0%| F|  |TS  0|AC  0|TAMS 0x0000000703600000, 0x0000000703600000|
|  25|0x0000000703700000, 0x0000000703700000, 0x0000000703800000|  0%| F|  |TS  0|AC  0|TAMS 0x0000000703700000, 0x0000000703700000|
|  26|0x0000000703800000, 0x0000000703800000, 0x0000000703900000|  0%| F|  |TS  0|AC  0|TAMS 0x0000000703800000, 0x0000000703800000|
|  27|0x0000000703900000, 0x0000000703900000, 0x0000000703a00000|  0%| F|  |TS  0|AC  0|TAMS 0x0000000703900000, 0x0000000703900000|
|  28|0x0000000703a00000, 0x0000000703a00000, 0x0000000703b00000|  0%| F|  |TS  0|AC  0|TAMS 0x0000000703a00000, 0x0000000703a00000|
|  29|0x0000000703b00000, 0x0000000703b00000, 0x0000000703c00000|  0%| F|  |TS  0|AC  0|TAMS 0x0000000703b00000, 0x0000000703b00000|
|  30|0x0000000703c00000, 0x0000000703c00000, 0x0000000703d00000|  0%| F|  |TS  0|AC  0|TAMS 0x0000000703c00000, 0x0000000703c00000|
|  31|0x0000000703d00000, 0x0000000703d00000, 0x0000000703e00000|  0%| F|  |TS  0|AC  0|TAMS 0x0000000703d00000, 0x0000000703d00000|
|  32|0x0000000703e00000, 0x0000000703e00000, 0x0000000703f00000|  0%| F|  |TS  0|AC  0|TAMS 0x0000000703e00000, 0x0000000703e00000|
|  33|0x0000000703f00000, 0x0000000703f00000, 0x0000000704000000|  0%| F|  |TS  0|AC  0|TAMS 0x0000000703f00000, 0x0000000703f00000|
|  34|0x0000000704000000, 0x0000000704000000, 0x0000000704100000|  0%| F|  |TS  0|AC  0|TAMS 0x0000000704000000, 0x0000000704000000|
|  35|0x0000000704100000, 0x0000000704100000, 0x0000000704200000|  0%| F|  |TS  0|AC  0|TAMS 0x0000000704100000, 0x0000000704100000|
|  36|0x0000000704200000, 0x0000000704200000, 0x0000000704300000|  0%| F|  |TS  0|AC  0|TAMS 0x0000000704200000, 0x0000000704200000|
|  37|0x0000000704300000, 0x0000000704300000, 0x0000000704400000|  0%| F|  |TS  0|AC  0|TAMS 0x0000000704300000, 0x0000000704300000|
|  38|0x0000000704400000, 0x0000000704400000, 0x0000000704500000|  0%| F|  |TS  0|AC  0|TAMS 0x0000000704400000, 0x0000000704400000|
|  39|0x0000000704500000, 0x0000000704500000, 0x0000000704600000|  0%| F|  |TS  0|AC  0|TAMS 0x0000000704500000, 0x0000000704500000|
|  40|0x0000000704600000, 0x0000000704600000, 0x0000000704700000|  0%| F|  |TS  0|AC  0|TAMS 0x0000000704600000, 0x0000000704600000|
|  41|0x0000000704700000, 0x0000000704700000, 0x0000000704800000|  0%| F|  |TS  0|AC  0|TAMS 0x0000000704700000, 0x0000000704700000|
|  42|0x0000000704800000, 0x0000000704800000, 0x0000000704900000|  0%| F|  |TS  0|AC  0|TAMS 0x0000000704800000, 0x0000000704800000|
|  43|0x0000000704900000, 0x0000000704900000, 0x0000000704a00000|  0%| F|  |TS  0|AC  0|TAMS 0x0000000704900000, 0x0000000704900000|
|  44|0x0000000704a00000, 0x0000000704a00000, 0x0000000704b00000|  0%| F|  |TS  0|AC  0|TAMS 0x0000000704a00000, 0x0000000704a00000|
|  45|0x0000000704b00000, 0x0000000704b00000, 0x0000000704c00000|  0%| F|  |TS  0|AC  0|TAMS 0x0000000704b00000, 0x0000000704b00000|
|  46|0x0000000704c00000, 0x0000000704c00000, 0x0000000704d00000|  0%| F|  |TS  0|AC  0|TAMS 0x0000000704c00000, 0x0000000704c00000|
|  47|0x0000000704d00000, 0x0000000704d00000, 0x0000000704e00000|  0%| F|  |TS  0|AC  0|TAMS 0x0000000704d00000, 0x0000000704d00000|
|  48|0x0000000704e00000, 0x0000000704e00000, 0x0000000704f00000|  0%| F|  |TS  0|AC  0|TAMS 0x0000000704e00000, 0x0000000704e00000|
|  49|0x0000000704f00000, 0x0000000704f00000, 0x0000000705000000|  0%| F|  |TS  0|AC  0|TAMS 0x0000000704f00000, 0x0000000704f00000|
|  50|0x0000000705000000, 0x0000000705000000, 0x0000000705100000|  0%| F|  |TS  0|AC  0|TAMS 0x0000000705000000, 0x0000000705000000|
|  51|0x0000000705100000, 0x0000000705100000, 0x0000000705200000|  0%| F|  |TS  0|AC  0|TAMS 0x0000000705100000, 0x0000000705100000|
|  52|0x0000000705200000, 0x0000000705200000, 0x0000000705300000|  0%| F|  |TS  0|AC  0|TAMS 0x0000000705200000, 0x0000000705200000|
|  53|0x0000000705300000, 0x0000000705300000, 0x0000000705400000|  0%| F|  |TS  0|AC  0|TAMS 0x0000000705300000, 0x0000000705300000|
|  54|0x0000000705400000, 0x0000000705400000, 0x0000000705500000|  0%| F|  |TS  0|AC  0|TAMS 0x0000000705400000, 0x0000000705400000|
|  55|0x0000000705500000, 0x0000000705500000, 0x0000000705600000|  0%| F|  |TS  0|AC  0|TAMS 0x0000000705500000, 0x0000000705500000|
|  56|0x0000000705600000, 0x0000000705600000, 0x0000000705700000|  0%| F|  |TS  0|AC  0|TAMS 0x0000000705600000, 0x0000000705600000|
|  57|0x0000000705700000, 0x0000000705700000, 0x0000000705800000|  0%| F|  |TS  0|AC  0|TAMS 0x0000000705700000, 0x0000000705700000|
|  58|0x0000000705800000, 0x0000000705800000, 0x0000000705900000|  0%| F|  |TS  0|AC  0|TAMS 0x0000000705800000, 0x0000000705800000|
|  59|0x0000000705900000, 0x0000000705900000, 0x0000000705a00000|  0%| F|  |TS  0|AC  0|TAMS 0x0000000705900000, 0x0000000705900000|
|  60|0x0000000705a00000, 0x0000000705a00000, 0x0000000705b00000|  0%| F|  |TS  0|AC  0|TAMS 0x0000000705a00000, 0x0000000705a00000|
|  61|0x0000000705b00000, 0x0000000705b00000, 0x0000000705c00000|  0%| F|  |TS  0|AC  0|TAMS 0x0000000705b00000, 0x0000000705b00000|
|  62|0x0000000705c00000, 0x0000000705c00000, 0x0000000705d00000|  0%| F|  |TS  0|AC  0|TAMS 0x0000000705c00000, 0x0000000705c00000|
|  63|0x0000000705d00000, 0x0000000705d00000, 0x0000000705e00000|  0%| F|  |TS  0|AC  0|TAMS 0x0000000705d00000, 0x0000000705d00000|
|  64|0x0000000705e00000, 0x0000000705e00000, 0x0000000705f00000|  0%| F|  |TS  0|AC  0|TAMS 0x0000000705e00000, 0x0000000705e00000|
|  65|0x0000000705f00000, 0x0000000705f00000, 0x0000000706000000|  0%| F|  |TS  0|AC  0|TAMS 0x0000000705f00000, 0x0000000705f00000|
|  66|0x0000000706000000, 0x0000000706000000, 0x0000000706100000|  0%| F|  |TS  0|AC  0|TAMS 0x0000000706000000, 0x0000000706000000|
|  67|0x0000000706100000, 0x0000000706100000, 0x0000000706200000|  0%| F|  |TS  0|AC  0|TAMS 0x0000000706100000, 0x0000000706100000|
|  68|0x0000000706200000, 0x0000000706200000, 0x0000000706300000|  0%| F|  |TS  0|AC  0|TAMS 0x0000000706200000, 0x0000000706200000|
|  69|0x0000000706300000, 0x0000000706300000, 0x0000000706400000|  0%| F|  |TS  0|AC  0|TAMS 0x0000000706300000, 0x0000000706300000|
|  70|0x0000000706400000, 0x0000000706400000, 0x0000000706500000|  0%| F|  |TS  0|AC  0|TAMS 0x0000000706400000, 0x0000000706400000|
|  71|0x0000000706500000, 0x0000000706500000, 0x0000000706600000|  0%| F|  |TS  0|AC  0|TAMS 0x0000000706500000, 0x0000000706500000|
|  72|0x0000000706600000, 0x0000000706600000, 0x0000000706700000|  0%| F|  |TS  0|AC  0|TAMS 0x0000000706600000, 0x0000000706600000|
|  73|0x0000000706700000, 0x0000000706700000, 0x0000000706800000|  0%| F|  |TS  0|AC  0|TAMS 0x0000000706700000, 0x0000000706700000|
|  74|0x0000000706800000, 0x0000000706800000, 0x0000000706900000|  0%| F|  |TS  0|AC  0|TAMS 0x0000000706800000, 0x0000000706800000|
|  75|0x0000000706900000, 0x0000000706900000, 0x0000000706a00000|  0%| F|  |TS  0|AC  0|TAMS 0x0000000706900000, 0x0000000706900000|
|  76|0x0000000706a00000, 0x0000000706a00000, 0x0000000706b00000|  0%| F|  |TS  0|AC  0|TAMS 0x0000000706a00000, 0x0000000706a00000|
|  77|0x0000000706b00000, 0x0000000706b00000, 0x0000000706c00000|  0%| F|  |TS  0|AC  0|TAMS 0x0000000706b00000, 0x0000000706b00000|
|  78|0x0000000706c00000, 0x0000000706c00000, 0x0000000706d00000|  0%| F|  |TS  0|AC  0|TAMS 0x0000000706c00000, 0x0000000706c00000|
|  79|0x0000000706d00000, 0x0000000706d00000, 0x0000000706e00000|  0%| F|  |TS  0|AC  0|TAMS 0x0000000706d00000, 0x0000000706d00000|
|  80|0x0000000706e00000, 0x0000000706e00000, 0x0000000706f00000|  0%| F|  |TS  0|AC  0|TAMS 0x0000000706e00000, 0x0000000706e00000|
|  81|0x0000000706f00000, 0x0000000706f00000, 0x0000000707000000|  0%| F|  |TS  0|AC  0|TAMS 0x0000000706f00000, 0x0000000706f00000|
|  82|0x0000000707000000, 0x0000000707000000, 0x0000000707100000|  0%| F|  |TS  0|AC  0|TAMS 0x0000000707000000, 0x0000000707000000|
|  83|0x0000000707100000, 0x0000000707100000, 0x0000000707200000|  0%| F|  |TS  0|AC  0|TAMS 0x0000000707100000, 0x0000000707100000|
|  84|0x0000000707200000, 0x0000000707200000, 0x0000000707300000|  0%| F|  |TS  0|AC  0|TAMS 0x0000000707200000, 0x0000000707200000|
|  85|0x0000000707300000, 0x0000000707300000, 0x0000000707400000|  0%| F|  |TS  0|AC  0|TAMS 0x0000000707300000, 0x0000000707300000|
|  86|0x0000000707400000, 0x0000000707400000, 0x0000000707500000|  0%| F|  |TS  0|AC  0|TAMS 0x0000000707400000, 0x0000000707400000|
|  87|0x0000000707500000, 0x0000000707500000, 0x0000000707600000|  0%| F|  |TS  0|AC  0|TAMS 0x0000000707500000, 0x0000000707500000|
|  88|0x0000000707600000, 0x0000000707600000, 0x0000000707700000|  0%| F|  |TS  0|AC  0|TAMS 0x0000000707600000, 0x0000000707600000|
|  89|0x0000000707700000, 0x0000000707700000, 0x0000000707800000|  0%| F|  |TS  0|AC  0|TAMS 0x0000000707700000, 0x0000000707700000|
|  90|0x0000000707800000, 0x0000000707800000, 0x0000000707900000|  0%| F|  |TS  0|AC  0|TAMS 0x0000000707800000, 0x0000000707800000|
|  91|0x0000000707900000, 0x0000000707900000, 0x0000000707a00000|  0%| F|  |TS  0|AC  0|TAMS 0x0000000707900000, 0x0000000707900000|
|  92|0x0000000707a00000, 0x0000000707a00000, 0x0000000707b00000|  0%| F|  |TS  0|AC  0|TAMS 0x0000000707a00000, 0x0000000707a00000|
|  93|0x0000000707b00000, 0x0000000707b00000, 0x0000000707c00000|  0%| F|  |TS  0|AC  0|TAMS 0x0000000707b00000, 0x0000000707b00000|
|  94|0x0000000707c00000, 0x0000000707c00000, 0x0000000707d00000|  0%| F|  |TS  0|AC  0|TAMS 0x0000000707c00000, 0x0000000707c00000|
|  95|0x0000000707d00000, 0x0000000707d00000, 0x0000000707e00000|  0%| F|  |TS  0|AC  0|TAMS 0x0000000707d00000, 0x0000000707d00000|
|  96|0x0000000707e00000, 0x0000000707e00000, 0x0000000707f00000|  0%| F|  |TS  0|AC  0|TAMS 0x0000000707e00000, 0x0000000707e00000|
|  97|0x0000000707f00000, 0x0000000707f00000, 0x0000000708000000|  0%| F|  |TS  0|AC  0|TAMS 0x0000000707f00000, 0x0000000707f00000|
|  98|0x0000000708000000, 0x0000000708000000, 0x0000000708100000|  0%| F|  |TS  0|AC  0|TAMS 0x0000000708000000, 0x0000000708000000|
|  99|0x0000000708100000, 0x0000000708100000, 0x0000000708200000|  0%| F|  |TS  0|AC  0|TAMS 0x0000000708100000, 0x0000000708100000|
| 100|0x0000000708200000, 0x0000000708200000, 0x0000000708300000|  0%| F|  |TS  0|AC  0|TAMS 0x0000000708200000, 0x0000000708200000|
| 101|0x0000000708300000, 0x0000000708300000, 0x0000000708400000|  0%| F|  |TS  0|AC  0|TAMS 0x0000000708300000, 0x0000000708300000|
| 102|0x0000000708400000, 0x0000000708400000, 0x0000000708500000|  0%| F|  |TS  0|AC  0|TAMS 0x0000000708400000, 0x0000000708400000|
| 103|0x0000000708500000, 0x0000000708500000, 0x0000000708600000|  0%| F|  |TS  0|AC  0|TAMS 0x0000000708500000, 0x0000000708500000|
| 104|0x0000000708600000, 0x0000000708600000, 0x0000000708700000|  0%| F|  |TS  0|AC  0|TAMS 0x0000000708600000, 0x0000000708600000|
| 105|0x0000000708700000, 0x0000000708700000, 0x0000000708800000|  0%| F|  |TS  0|AC  0|TAMS 0x0000000708700000, 0x0000000708700000|
| 106|0x0000000708800000, 0x0000000708800000, 0x0000000708900000|  0%| F|  |TS  0|AC  0|TAMS 0x0000000708800000, 0x0000000708800000|
| 107|0x0000000708900000, 0x0000000708900000, 0x0000000708a00000|  0%| F|  |TS  0|AC  0|TAMS 0x0000000708900000, 0x0000000708900000|
| 108|0x0000000708a00000, 0x0000000708a00000, 0x0000000708b00000|  0%| F|  |TS  0|AC  0|TAMS 0x0000000708a00000, 0x0000000708a00000|
| 109|0x0000000708b00000, 0x0000000708b00000, 0x0000000708c00000|  0%| F|  |TS  0|AC  0|TAMS 0x0000000708b00000, 0x0000000708b00000|
| 110|0x0000000708c00000, 0x0000000708c00000, 0x0000000708d00000|  0%| F|  |TS  0|AC  0|TAMS 0x0000000708c00000, 0x0000000708c00000|
| 111|0x0000000708d00000, 0x0000000708d00000, 0x0000000708e00000|  0%| F|  |TS  0|AC  0|TAMS 0x0000000708d00000, 0x0000000708d00000|
| 112|0x0000000708e00000, 0x0000000708e00000, 0x0000000708f00000|  0%| F|  |TS  0|AC  0|TAMS 0x0000000708e00000, 0x0000000708e00000|
| 113|0x0000000708f00000, 0x0000000708f00000, 0x0000000709000000|  0%| F|  |TS  0|AC  0|TAMS 0x0000000708f00000, 0x0000000708f00000|
| 114|0x0000000709000000, 0x0000000709000000, 0x0000000709100000|  0%| F|  |TS  0|AC  0|TAMS 0x0000000709000000, 0x0000000709000000|
| 115|0x0000000709100000, 0x0000000709100000, 0x0000000709200000|  0%| F|  |TS  0|AC  0|TAMS 0x0000000709100000, 0x0000000709100000|
| 116|0x0000000709200000, 0x0000000709200000, 0x0000000709300000|  0%| F|  |TS  0|AC  0|TAMS 0x0000000709200000, 0x0000000709200000|
| 117|0x0000000709300000, 0x0000000709300000, 0x0000000709400000|  0%| F|  |TS  0|AC  0|TAMS 0x0000000709300000, 0x0000000709300000|
| 118|0x0000000709400000, 0x0000000709400000, 0x0000000709500000|  0%| F|  |TS  0|AC  0|TAMS 0x0000000709400000, 0x0000000709400000|
| 119|0x0000000709500000, 0x0000000709500000, 0x0000000709600000|  0%| F|  |TS  0|AC  0|TAMS 0x0000000709500000, 0x0000000709500000|
| 120|0x0000000709600000, 0x0000000709600000, 0x0000000709700000|  0%| F|  |TS  0|AC  0|TAMS 0x0000000709600000, 0x0000000709600000|
| 121|0x0000000709700000, 0x0000000709700000, 0x0000000709800000|  0%| F|  |TS  0|AC  0|TAMS 0x0000000709700000, 0x0000000709700000|
| 122|0x0000000709800000, 0x0000000709800000, 0x0000000709900000|  0%| F|  |TS  0|AC  0|TAMS 0x0000000709800000, 0x0000000709800000|
| 123|0x0000000709900000, 0x0000000709900000, 0x0000000709a00000|  0%| F|  |TS  0|AC  0|TAMS 0x0000000709900000, 0x0000000709900000|
| 124|0x0000000709a00000, 0x0000000709a00000, 0x0000000709b00000|  0%| F|  |TS  0|AC  0|TAMS 0x0000000709a00000, 0x0000000709a00000|
| 125|0x0000000709b00000, 0x0000000709b00000, 0x0000000709c00000|  0%| F|  |TS  0|AC  0|TAMS 0x0000000709b00000, 0x0000000709b00000|
| 126|0x0000000709c00000, 0x0000000709c00000, 0x0000000709d00000|  0%| F|  |TS  0|AC  0|TAMS 0x0000000709c00000, 0x0000000709c00000|
| 127|0x0000000709d00000, 0x0000000709d00000, 0x0000000709e00000|  0%| F|  |TS  0|AC  0|TAMS 0x0000000709d00000, 0x0000000709d00000|
| 128|0x0000000709e00000, 0x0000000709e00000, 0x0000000709f00000|  0%| F|  |TS  0|AC  0|TAMS 0x0000000709e00000, 0x0000000709e00000|
| 129|0x0000000709f00000, 0x0000000709f00000, 0x000000070a000000|  0%| F|  |TS  0|AC  0|TAMS 0x0000000709f00000, 0x0000000709f00000|
| 130|0x000000070a000000, 0x000000070a000000, 0x000000070a100000|  0%| F|  |TS  0|AC  0|TAMS 0x000000070a000000, 0x000000070a000000|
| 131|0x000000070a100000, 0x000000070a100000, 0x000000070a200000|  0%| F|  |TS  0|AC  0|TAMS 0x000000070a100000, 0x000000070a100000|
| 132|0x000000070a200000, 0x000000070a200000, 0x000000070a300000|  0%| F|  |TS  0|AC  0|TAMS 0x000000070a200000, 0x000000070a200000|
| 133|0x000000070a300000, 0x000000070a300000, 0x000000070a400000|  0%| F|  |TS  0|AC  0|TAMS 0x000000070a300000, 0x000000070a300000|
| 134|0x000000070a400000, 0x000000070a400000, 0x000000070a500000|  0%| F|  |TS  0|AC  0|TAMS 0x000000070a400000, 0x000000070a400000|
| 135|0x000000070a500000, 0x000000070a500000, 0x000000070a600000|  0%| F|  |TS  0|AC  0|TAMS 0x000000070a500000, 0x000000070a500000|
| 136|0x000000070a600000, 0x000000070a600000, 0x000000070a700000|  0%| F|  |TS  0|AC  0|TAMS 0x000000070a600000, 0x000000070a600000|
| 137|0x000000070a700000, 0x000000070a700000, 0x000000070a800000|  0%| F|  |TS  0|AC  0|TAMS 0x000000070a700000, 0x000000070a700000|
| 138|0x000000070a800000, 0x000000070a800000, 0x000000070a900000|  0%| F|  |TS  0|AC  0|TAMS 0x000000070a800000, 0x000000070a800000|
| 139|0x000000070a900000, 0x000000070a900000, 0x000000070aa00000|  0%| F|  |TS  0|AC  0|TAMS 0x000000070a900000, 0x000000070a900000|
| 140|0x000000070aa00000, 0x000000070aa00000, 0x000000070ab00000|  0%| F|  |TS  0|AC  0|TAMS 0x000000070aa00000, 0x000000070aa00000|
| 141|0x000000070ab00000, 0x000000070ab00000, 0x000000070ac00000|  0%| F|  |TS  0|AC  0|TAMS 0x000000070ab00000, 0x000000070ab00000|
| 142|0x000000070ac00000, 0x000000070ac00000, 0x000000070ad00000|  0%| F|  |TS  0|AC  0|TAMS 0x000000070ac00000, 0x000000070ac00000|
| 143|0x000000070ad00000, 0x000000070ad00000, 0x000000070ae00000|  0%| F|  |TS  0|AC  0|TAMS 0x000000070ad00000, 0x000000070ad00000|
| 144|0x000000070ae00000, 0x000000070ae00000, 0x000000070af00000|  0%| F|  |TS  0|AC  0|TAMS 0x000000070ae00000, 0x000000070ae00000|
| 145|0x000000070af00000, 0x000000070af00000, 0x000000070b000000|  0%| F|  |TS  0|AC  0|TAMS 0x000000070af00000, 0x000000070af00000|
| 146|0x000000070b000000, 0x000000070b000000, 0x000000070b100000|  0%| F|  |TS  0|AC  0|TAMS 0x000000070b000000, 0x000000070b000000|
| 147|0x000000070b100000, 0x000000070b100000, 0x000000070b200000|  0%| F|  |TS  0|AC  0|TAMS 0x000000070b100000, 0x000000070b100000|
| 148|0x000000070b200000, 0x000000070b200000, 0x000000070b300000|  0%| F|  |TS  0|AC  0|TAMS 0x000000070b200000, 0x000000070b200000|
| 149|0x000000070b300000, 0x000000070b300000, 0x000000070b400000|  0%| F|  |TS  0|AC  0|TAMS 0x000000070b300000, 0x000000070b300000|
| 150|0x000000070b400000, 0x000000070b400000, 0x000000070b500000|  0%| F|  |TS  0|AC  0|TAMS 0x000000070b400000, 0x000000070b400000|
| 151|0x000000070b500000, 0x000000070b500000, 0x000000070b600000|  0%| F|  |TS  0|AC  0|TAMS 0x000000070b500000, 0x000000070b500000|
| 152|0x000000070b600000, 0x000000070b600000, 0x000000070b700000|  0%| F|  |TS  0|AC  0|TAMS 0x000000070b600000, 0x000000070b600000|
| 153|0x000000070b700000, 0x000000070b700000, 0x000000070b800000|  0%| F|  |TS  0|AC  0|TAMS 0x000000070b700000, 0x000000070b700000|
| 154|0x000000070b800000, 0x000000070b800000, 0x000000070b900000|  0%| F|  |TS  0|AC  0|TAMS 0x000000070b800000, 0x000000070b800000|
| 155|0x000000070b900000, 0x000000070b900000, 0x000000070ba00000|  0%| F|  |TS  0|AC  0|TAMS 0x000000070b900000, 0x000000070b900000|
| 156|0x000000070ba00000, 0x000000070ba00000, 0x000000070bb00000|  0%| F|  |TS  0|AC  0|TAMS 0x000000070ba00000, 0x000000070ba00000|
| 157|0x000000070bb00000, 0x000000070bb00000, 0x000000070bc00000|  0%| F|  |TS  0|AC  0|TAMS 0x000000070bb00000, 0x000000070bb00000|
| 158|0x000000070bc00000, 0x000000070bc00000, 0x000000070bd00000|  0%| F|  |TS  0|AC  0|TAMS 0x000000070bc00000, 0x000000070bc00000|
| 159|0x000000070bd00000, 0x000000070bd00000, 0x000000070be00000|  0%| F|  |TS  0|AC  0|TAMS 0x000000070bd00000, 0x000000070bd00000|
| 160|0x000000070be00000, 0x000000070be00000, 0x000000070bf00000|  0%| F|  |TS  0|AC  0|TAMS 0x000000070be00000, 0x000000070be00000|
| 161|0x000000070bf00000, 0x000000070bf00000, 0x000000070c000000|  0%| F|  |TS  0|AC  0|TAMS 0x000000070bf00000, 0x000000070bf00000|
| 162|0x000000070c000000, 0x000000070c000000, 0x000000070c100000|  0%| F|  |TS  0|AC  0|TAMS 0x000000070c000000, 0x000000070c000000|
| 163|0x000000070c100000, 0x000000070c100000, 0x000000070c200000|  0%| F|  |TS  0|AC  0|TAMS 0x000000070c100000, 0x000000070c100000|
| 164|0x000000070c200000, 0x000000070c200000, 0x000000070c300000|  0%| F|  |TS  0|AC  0|TAMS 0x000000070c200000, 0x000000070c200000|
| 165|0x000000070c300000, 0x000000070c300000, 0x000000070c400000|  0%| F|  |TS  0|AC  0|TAMS 0x000000070c300000, 0x000000070c300000|
| 166|0x000000070c400000, 0x000000070c400000, 0x000000070c500000|  0%| F|  |TS  0|AC  0|TAMS 0x000000070c400000, 0x000000070c400000|
| 167|0x000000070c500000, 0x000000070c500000, 0x000000070c600000|  0%| F|  |TS  0|AC  0|TAMS 0x000000070c500000, 0x000000070c500000|
| 168|0x000000070c600000, 0x000000070c600000, 0x000000070c700000|  0%| F|  |TS  0|AC  0|TAMS 0x000000070c600000, 0x000000070c600000|
| 169|0x000000070c700000, 0x000000070c700000, 0x000000070c800000|  0%| F|  |TS  0|AC  0|TAMS 0x000000070c700000, 0x000000070c700000|
| 170|0x000000070c800000, 0x000000070c800000, 0x000000070c900000|  0%| F|  |TS  0|AC  0|TAMS 0x000000070c800000, 0x000000070c800000|
| 171|0x000000070c900000, 0x000000070c900000, 0x000000070ca00000|  0%| F|  |TS  0|AC  0|TAMS 0x000000070c900000, 0x000000070c900000|
| 172|0x000000070ca00000, 0x000000070ca00000, 0x000000070cb00000|  0%| F|  |TS  0|AC  0|TAMS 0x000000070ca00000, 0x000000070ca00000|
| 173|0x000000070cb00000, 0x000000070cb00000, 0x000000070cc00000|  0%| F|  |TS  0|AC  0|TAMS 0x000000070cb00000, 0x000000070cb00000|
| 174|0x000000070cc00000, 0x000000070cc00000, 0x000000070cd00000|  0%| F|  |TS  0|AC  0|TAMS 0x000000070cc00000, 0x000000070cc00000|
| 175|0x000000070cd00000, 0x000000070cd00000, 0x000000070ce00000|  0%| F|  |TS  0|AC  0|TAMS 0x000000070cd00000, 0x000000070cd00000|
| 176|0x000000070ce00000, 0x000000070cec82f8, 0x000000070cf00000| 78%| E|  |TS  3|AC  0|TAMS 0x000000070ce00000, 0x000000070ce00000|
| 177|0x000000070cf00000, 0x000000070d000000, 0x000000070d000000|100%| E|CS|TS  3|AC  0|TAMS 0x000000070cf00000, 0x000000070cf00000|
| 178|0x000000070d000000, 0x000000070d100000, 0x000000070d100000|100%| E|CS|TS  1|AC  0|TAMS 0x000000070d000000, 0x000000070d000000|
| 179|0x000000070d100000, 0x000000070d196110, 0x000000070d200000| 58%| S|CS|TS  3|AC  0|TAMS 0x000000070d100000, 0x000000070d100000|
| 180|0x000000070d200000, 0x000000070d300000, 0x000000070d300000|100%| S|CS|TS  3|AC  0|TAMS 0x000000070d200000, 0x000000070d200000|
| 181|0x000000070d300000, 0x000000070d400000, 0x000000070d400000|100%| E|CS|TS  3|AC  0|TAMS 0x000000070d300000, 0x000000070d300000|
| 182|0x000000070d400000, 0x000000070d500000, 0x000000070d500000|100%| E|CS|TS  3|AC  0|TAMS 0x000000070d400000, 0x000000070d400000|
| 183|0x000000070d500000, 0x000000070d600000, 0x000000070d600000|100%| E|CS|TS  3|AC  0|TAMS 0x000000070d500000, 0x000000070d500000|
| 184|0x000000070d600000, 0x000000070d700000, 0x000000070d700000|100%| E|CS|TS  3|AC  0|TAMS 0x000000070d600000, 0x000000070d600000|
| 185|0x000000070d700000, 0x000000070d800000, 0x000000070d800000|100%| E|CS|TS  3|AC  0|TAMS 0x000000070d700000, 0x000000070d700000|
| 186|0x000000070d800000, 0x000000070d900000, 0x000000070d900000|100%| E|CS|TS  3|AC  0|TAMS 0x000000070d800000, 0x000000070d800000|
| 187|0x000000070d900000, 0x000000070da00000, 0x000000070da00000|100%| E|CS|TS  3|AC  0|TAMS 0x000000070d900000, 0x000000070d900000|
| 188|0x000000070da00000, 0x000000070db00000, 0x000000070db00000|100%| E|CS|TS  3|AC  0|TAMS 0x000000070da00000, 0x000000070da00000|
| 189|0x000000070db00000, 0x000000070dc00000, 0x000000070dc00000|100%| E|CS|TS  3|AC  0|TAMS 0x000000070db00000, 0x000000070db00000|
| 190|0x000000070dc00000, 0x000000070dd00000, 0x000000070dd00000|100%| E|CS|TS  3|AC  0|TAMS 0x000000070dc00000, 0x000000070dc00000|
| 191|0x000000070dd00000, 0x000000070de00000, 0x000000070de00000|100%| E|CS|TS  3|AC  0|TAMS 0x000000070dd00000, 0x000000070dd00000|

Card table byte_map: [0x0000023da4f70000,0x0000023da5570000] byte_map_base: 0x0000023da1761000

Marking Bits (Prev, Next): (CMBitMap*) 0x0000023dabaf6980, (CMBitMap*) 0x0000023dabaf69b8
 Prev Bits: [0x0000023da5b70000, 0x0000023da8af8000)
 Next Bits: [0x0000023da8b00000, 0x0000023daba88000)

Polling page: 0x0000023d88e70000

CodeHeap 'non-profiled nmethods': size=120064Kb used=380Kb max_used=380Kb free=119684Kb
 bounds [0x0000023d9c810000, 0x0000023d9ca80000, 0x0000023da3d50000]
CodeHeap 'profiled nmethods': size=120000Kb used=2230Kb max_used=2230Kb free=117769Kb
 bounds [0x0000023d952e0000, 0x0000023d95550000, 0x0000023d9c810000]
CodeHeap 'non-nmethods': size=5696Kb used=1247Kb max_used=1247Kb free=4448Kb
 bounds [0x0000023d94d50000, 0x0000023d94fc0000, 0x0000023d952e0000]
 total_blobs=1718 nmethods=1068 adapters=335
 compilation: enabled

Compilation events (10 events):
Event: 106.473 Thread 0x0000023daebb2000 1062       3       jdk.internal.loader.Resource::getByteBuffer (24 bytes)
Event: 106.474 Thread 0x0000023daebb2000 nmethod 1062 0x0000023d9550bb90 code [0x0000023d9550bda0, 0x0000023d9550c580]
Event: 106.474 Thread 0x0000023daebb2000 1064       3       java.lang.Thread::interrupted (8 bytes)
Event: 106.474 Thread 0x0000023daebb2000 nmethod 1064 0x0000023d9550c710 code [0x0000023d9550c8c0, 0x0000023d9550ca50]
Event: 138.229 Thread 0x0000023daebb2000 1066       3       java.lang.Character::hashCode (8 bytes)
Event: 138.229 Thread 0x0000023daebb2000 nmethod 1066 0x0000023d9550cb10 code [0x0000023d9550ccc0, 0x0000023d9550ce78]
Event: 517.704 Thread 0x0000023daebb2000 1067       3       java.lang.Character::charCount (12 bytes)
Event: 517.704 Thread 0x0000023daebb2000 nmethod 1067 0x0000023d9550cf10 code [0x0000023d9550d0c0, 0x0000023d9550d258]
Event: 517.704 Thread 0x0000023daebb2000 1068       3       java.lang.String::codePointAt (50 bytes)
Event: 517.705 Thread 0x0000023daebb2000 nmethod 1068 0x0000023d9550d310 code [0x0000023d9550d500, 0x0000023d9550d8f0]

GC Heap History (4 events):
Event: 15.745 GC heap before
{Heap before GC invocations=0 (full 0):
 garbage-first heap   total 196608K, used 14336K [0x0000000701e00000, 0x0000000701f00600, 0x00000007c0000000)
  region size 1024K, 14 young (14336K), 0 survivors (0K)
 Metaspace       used 9348K, capacity 9630K, committed 9984K, reserved 1058816K
  class space    used 910K, capacity 981K, committed 1024K, reserved 1048576K
}
Event: 15.753 GC heap after
{Heap after GC invocations=1 (full 0):
 garbage-first heap   total 196608K, used 3095K [0x0000000701e00000, 0x0000000701f00600, 0x00000007c0000000)
  region size 1024K, 2 young (2048K), 2 survivors (2048K)
 Metaspace       used 9348K, capacity 9630K, committed 9984K, reserved 1058816K
  class space    used 910K, capacity 981K, committed 1024K, reserved 1048576K
}
Event: 20.472 GC heap before
{Heap before GC invocations=1 (full 0):
 garbage-first heap   total 196608K, used 14359K [0x0000000701e00000, 0x0000000701f00600, 0x00000007c0000000)
  region size 1024K, 13 young (13312K), 2 survivors (2048K)
 Metaspace       used 11539K, capacity 11814K, committed 12032K, reserved 1060864K
  class space    used 1148K, capacity 1251K, committed 1280K, reserved 1048576K
}
Event: 20.479 GC heap after
{Heap after GC invocations=2 (full 0):
 garbage-first heap   total 196608K, used 4691K [0x0000000701e00000, 0x0000000701f00600, 0x00000007c0000000)
  region size 1024K, 2 young (2048K), 2 survivors (2048K)
 Metaspace       used 11539K, capacity 11814K, committed 12032K, reserved 1060864K
  class space    used 1148K, capacity 1251K, committed 1280K, reserved 1048576K
}

Deoptimization events (6 events):
Event: 0.391 Thread 0x0000023d88caf800 Uncommon trap: reason=unstable_if action=reinterpret pc=0x0000023d9c813100 method=java.lang.String.charAt(I)C @ 4 c2
Event: 15.410 Thread 0x0000023d88caf800 Uncommon trap: reason=unstable_if action=reinterpret pc=0x0000023d9c82b3ac method=java.lang.String.startsWith(Ljava/lang/String;I)Z @ 131 c2
Event: 15.416 Thread 0x0000023d88caf800 Uncommon trap: reason=unstable_if action=reinterpret pc=0x0000023d9c82c17c method=java.lang.String.startsWith(Ljava/lang/String;I)Z @ 131 c2
Event: 15.421 Thread 0x0000023d88caf800 Uncommon trap: reason=unstable_if action=reinterpret pc=0x0000023d9c816584 method=java.lang.String.hashCode()I @ 22 c2
Event: 15.767 Thread 0x0000023d88caf800 Uncommon trap: reason=unstable_if action=reinterpret pc=0x0000023d9c8401f8 method=java.util.concurrent.ConcurrentHashMap.addCount(JI)V @ 121 c2
Event: 15.782 Thread 0x0000023d88caf800 Uncommon trap: reason=unstable_if action=reinterpret pc=0x0000023d9c84bff8 method=java.util.HashMap.putVal(ILjava/lang/Object;Ljava/lang/Object;ZZ)Ljava/lang/Object; @ 81 c2

Classes redefined (5 events):
Event: 138.113 Thread 0x0000023dae9ea800 redefined class name=me.fun.inspirational.crawl.flow.InspirationalCrawler, count=1
Event: 517.627 Thread 0x0000023dae9ea800 redefined class name=me.fun.inspirational.crawl.flow.InspirationalCrawler, count=2
Event: 636.356 Thread 0x0000023dae9ea800 redefined class name=me.fun.inspirational.crawl.flow.InspirationalCrawler, count=3
Event: 759.418 Thread 0x0000023dae9ea800 redefined class name=me.fun.inspirational.crawl.flow.InspirationalCrawler, count=4
Event: 1173.511 Thread 0x0000023dae9ea800 redefined class name=me.fun.inspirational.crawl.flow.InspirationalCrawler, count=5

Internal exceptions (10 events):
Event: 15.671 Thread 0x0000023d88caf800 Exception <a 'java/lang/NoSuchMethodError'{0x000000070d117ad8}: java.lang.invoke.DirectMethodHandle$Holder.invokeStatic(Ljava/lang/Object;Ljava/lang/Object;)I> (0x000000070d117ad8) thrown at [t:/workspace/hotspot/src/share/vm/interpreter/linkResolver.cpp,
Event: 15.672 Thread 0x0000023d88caf800 Exception <a 'java/lang/NoSuchMethodError'{0x000000070d11ac88}: java.lang.invoke.DirectMethodHandle$Holder.invokeStaticInit(Ljava/lang/Object;Ljava/lang/Object;)I> (0x000000070d11ac88) thrown at [t:/workspace/hotspot/src/share/vm/interpreter/linkResolver.
Event: 15.674 Thread 0x0000023d88caf800 Exception <a 'java/lang/NoSuchMethodError'{0x000000070d1230e8}: java.lang.invoke.DirectMethodHandle$Holder.invokeInterface(Ljava/lang/Object;Ljava/lang/Object;Ljava/lang/Object;)I> (0x000000070d1230e8) thrown at [t:/workspace/hotspot/src/share/vm/interpre
Event: 15.689 Thread 0x0000023d88caf800 Exception <a 'java/lang/NoSuchMethodError'{0x000000070d17c0d8}: method resolution failed> (0x000000070d17c0d8) thrown at [t:/workspace/hotspot/src/share/vm/prims/methodHandles.cpp, line 1256]
Event: 15.689 Thread 0x0000023d88caf800 Exception <a 'java/lang/NoSuchMethodError'{0x000000070d17f4b8}: java.lang.invoke.DirectMethodHandle$Holder.invokeStaticInit(Ljava/lang/Object;IIII)Ljava/lang/Object;> (0x000000070d17f4b8) thrown at [t:/workspace/hotspot/src/share/vm/interpreter/linkResolv
Event: 15.693 Thread 0x0000023d88caf800 Exception <a 'sun/nio/fs/WindowsException'{0x000000070d18d358}> (0x000000070d18d358) thrown at [t:/workspace/hotspot/src/share/vm/prims/jni.cpp, line 604]
Event: 15.697 Thread 0x0000023d88caf800 Exception <a 'java/lang/NoSuchMethodError'{0x000000070d19b3b8}: java.lang.Object.lambda$negate$3(I)Z> (0x000000070d19b3b8) thrown at [t:/workspace/hotspot/src/share/vm/interpreter/linkResolver.cpp, line 731]
Event: 16.052 Thread 0x0000023d88caf800 Exception <a 'java/lang/NoSuchMethodError'{0x000000070d647e10}: method resolution failed> (0x000000070d647e10) thrown at [t:/workspace/hotspot/src/share/vm/prims/methodHandles.cpp, line 1256]
Event: 16.053 Thread 0x0000023d88caf800 Exception <a 'java/lang/NoSuchMethodError'{0x000000070d64b2b8}: java.lang.invoke.DirectMethodHandle$Holder.invokeStaticInit(Ljava/lang/Object;Ljava/lang/Object;IIII)Ljava/lang/Object;> (0x000000070d64b2b8) thrown at [t:/workspace/hotspot/src/share/vm/inte
Event: 16.112 Thread 0x0000023d88caf800 Exception <a 'java/lang/NoSuchMethodError'{0x000000070d5f9b30}: java.lang.Object.lambda$union$2(Ljava/util/regex/Pattern$CharPredicate;I)Z> (0x000000070d5f9b30) thrown at [t:/workspace/hotspot/src/share/vm/interpreter/linkResolver.cpp, line 731]

Events (10 events):
Event: 1173.536 Executing VM operation: ChangeBreakpoints done
Event: 1173.539 Executing VM operation: ChangeBreakpoints
Event: 1173.540 Executing VM operation: ChangeBreakpoints done
Event: 1173.542 Executing VM operation: GetFrameCount
Event: 1173.542 Executing VM operation: GetFrameCount done
Event: 1173.542 Executing VM operation: GetFrameLocation
Event: 1173.542 Executing VM operation: GetFrameLocation done
Event: 1173.543 Executing VM operation: GetFrameLocation
Event: 1173.543 Executing VM operation: GetFrameLocation done
Event: 1173.545 Executing VM operation: GetOrSetLocal


Dynamic libraries:
0x00007ff69fbe0000 - 0x00007ff69fc1e000 	C:\Java\jdk-9.0.4_windows-x64\bin\java.exe
0x00007ff92c200000 - 0x00007ff92c3e0000 	C:\WINDOWS\SYSTEM32\ntdll.dll
0x00007ff92a690000 - 0x00007ff92a73e000 	C:\WINDOWS\System32\KERNEL32.DLL
0x00007ff928830000 - 0x00007ff928a96000 	C:\WINDOWS\System32\KERNELBASE.dll
0x0000000059990000 - 0x0000000059a22000 	C:\WINDOWS\System32\SYSFER.DLL
0x00007ff9296d0000 - 0x00007ff929771000 	C:\WINDOWS\System32\ADVAPI32.dll
0x00007ff92a760000 - 0x00007ff92a7fd000 	C:\WINDOWS\System32\msvcrt.dll
0x00007ff92c080000 - 0x00007ff92c0db000 	C:\WINDOWS\System32\sechost.dll
0x00007ff929f50000 - 0x00007ff92a06f000 	C:\WINDOWS\System32\RPCRT4.dll
0x00007ff929cb0000 - 0x00007ff929e3f000 	C:\WINDOWS\System32\USER32.dll
0x00007ff928dc0000 - 0x00007ff928de0000 	C:\WINDOWS\System32\win32u.dll
0x00007ff92beb0000 - 0x00007ff92bed8000 	C:\WINDOWS\System32\GDI32.dll
0x00007ff928de0000 - 0x00007ff928f73000 	C:\WINDOWS\System32\gdi32full.dll
0x00007ff928cd0000 - 0x00007ff928d6b000 	C:\WINDOWS\System32\msvcp_win.dll
0x00007ff928730000 - 0x00007ff928826000 	C:\WINDOWS\System32\ucrtbase.dll
0x00007ff91dc00000 - 0x00007ff91dc0a000 	C:\WINDOWS\SYSTEM32\VERSION.dll
0x00007ff914840000 - 0x00007ff914aa9000 	C:\WINDOWS\WinSxS\amd64_microsoft.windows.common-controls_6595b64144ccf1df_6.0.16299.248_none_15ced204935f55d7\COMCTL32.dll
0x00007ff92a070000 - 0x00007ff92a378000 	C:\WINDOWS\System32\combase.dll
0x00007ff928600000 - 0x00007ff928672000 	C:\WINDOWS\System32\bcryptPrimitives.dll
0x00007ff92a660000 - 0x00007ff92a68d000 	C:\WINDOWS\System32\IMM32.DLL
0x00007ff904940000 - 0x00007ff904a2f000 	C:\Java\jdk-9.0.4_windows-x64\bin\msvcr120.dll
0x00007ff8fa0e0000 - 0x00007ff8fa186000 	C:\Java\jdk-9.0.4_windows-x64\bin\msvcp120.dll
0x0000000056cf0000 - 0x0000000057715000 	C:\Java\jdk-9.0.4_windows-x64\bin\server\jvm.dll
0x00007ff92a380000 - 0x00007ff92a388000 	C:\WINDOWS\System32\PSAPI.DLL
0x00007ff8fa650000 - 0x00007ff8fa659000 	C:\WINDOWS\SYSTEM32\WSOCK32.dll
0x00007ff92c160000 - 0x00007ff92c1cc000 	C:\WINDOWS\System32\WS2_32.dll
0x00007ff925e10000 - 0x00007ff925e33000 	C:\WINDOWS\SYSTEM32\WINMM.dll
0x00007ff925da0000 - 0x00007ff925dca000 	C:\WINDOWS\SYSTEM32\WINMMBASE.dll
0x00007ff928d70000 - 0x00007ff928dba000 	C:\WINDOWS\System32\cfgmgr32.dll
0x00007ff925c40000 - 0x00007ff925c4f000 	C:\Java\jdk-9.0.4_windows-x64\bin\verify.dll
0x00007ff920700000 - 0x00007ff920727000 	C:\Java\jdk-9.0.4_windows-x64\bin\java.dll
0x00007ff9130e0000 - 0x00007ff913116000 	C:\Java\jdk-9.0.4_windows-x64\bin\jdwp.dll
0x00007ff90f8b0000 - 0x00007ff90f8da000 	C:\Java\jdk-9.0.4_windows-x64\bin\instrument.dll
0x00007ff924710000 - 0x00007ff924726000 	C:\Java\jdk-9.0.4_windows-x64\bin\zip.dll
0x00007ff923b40000 - 0x00007ff923b4a000 	C:\Java\jdk-9.0.4_windows-x64\bin\jimage.dll
0x00007ff92a950000 - 0x00007ff92bd86000 	C:\WINDOWS\System32\SHELL32.dll
0x00007ff92be00000 - 0x00007ff92bea6000 	C:\WINDOWS\System32\shcore.dll
0x00007ff928f80000 - 0x00007ff9296c7000 	C:\WINDOWS\System32\windows.storage.dll
0x00007ff92a390000 - 0x00007ff92a3e1000 	C:\WINDOWS\System32\shlwapi.dll
0x00007ff9285e0000 - 0x00007ff9285f1000 	C:\WINDOWS\System32\kernel.appcore.dll
0x00007ff928590000 - 0x00007ff9285dc000 	C:\WINDOWS\System32\powrprof.dll
0x00007ff928570000 - 0x00007ff92858b000 	C:\WINDOWS\System32\profapi.dll
0x00007ff923940000 - 0x00007ff92395a000 	C:\Java\jdk-9.0.4_windows-x64\bin\net.dll
0x00007ff91cc60000 - 0x00007ff91cd3e000 	C:\WINDOWS\SYSTEM32\WINHTTP.dll
0x00007ff927de0000 - 0x00007ff927e46000 	C:\WINDOWS\system32\mswsock.dll
0x00007ff91ff10000 - 0x00007ff91ff21000 	C:\Java\jdk-9.0.4_windows-x64\bin\nio.dll
0x00007ff923380000 - 0x00007ff92338a000 	C:\Java\jdk-9.0.4_windows-x64\bin\dt_socket.dll
0x00007ff9209e0000 - 0x00007ff9209eb000 	C:\Java\jdk-9.0.4_windows-x64\bin\sunmscapi.dll
0x00007ff928b00000 - 0x00007ff928cce000 	C:\WINDOWS\System32\CRYPT32.dll
0x00007ff928550000 - 0x00007ff928562000 	C:\WINDOWS\System32\MSASN1.dll
0x00007ff904bc0000 - 0x00007ff904be3000 	C:\Java\jdk-9.0.4_windows-x64\bin\sunec.dll
0x00007ff927fa0000 - 0x00007ff927fb7000 	C:\WINDOWS\SYSTEM32\CRYPTSP.dll
0x00007ff9279f0000 - 0x00007ff927a23000 	C:\WINDOWS\system32\rsaenh.dll
0x00007ff9280b0000 - 0x00007ff9280d5000 	C:\WINDOWS\SYSTEM32\bcrypt.dll
0x00007ff928450000 - 0x00007ff928479000 	C:\WINDOWS\SYSTEM32\USERENV.dll
0x00007ff927fc0000 - 0x00007ff927fcb000 	C:\WINDOWS\SYSTEM32\CRYPTBASE.dll
0x00007ff927b70000 - 0x00007ff927ba9000 	C:\WINDOWS\SYSTEM32\IPHLPAPI.DLL
0x00007ff929850000 - 0x00007ff929858000 	C:\WINDOWS\System32\NSI.dll
0x00007ff91e220000 - 0x00007ff91e236000 	C:\WINDOWS\SYSTEM32\dhcpcsvc6.DLL
0x00007ff91e200000 - 0x00007ff91e21a000 	C:\WINDOWS\SYSTEM32\dhcpcsvc.DLL
0x00007ff927bc0000 - 0x00007ff927c76000 	C:\WINDOWS\SYSTEM32\DNSAPI.dll
0x0000000059960000 - 0x0000000059986000 	C:\Program Files\Bonjour\mdnsNSP.dll
0x00007ff918c80000 - 0x00007ff918c8a000 	C:\Windows\System32\rasadhlp.dll
0x00007ff919300000 - 0x00007ff919370000 	C:\WINDOWS\System32\fwpuclnt.dll
0x00007ff915160000 - 0x00007ff915328000 	C:\WINDOWS\SYSTEM32\dbghelp.dll

VM Arguments:
jvm_args: -agentlib:jdwp=transport=dt_socket,address=127.0.0.1:49485,suspend=y,server=n -javaagent:C:\Users\nguye\.IdeaIC2017.3\system\groovyHotSwap\gragent.jar -javaagent:C:\Users\nguye\.IdeaIC2017.3\system\captureAgent\debugger-agent.jar=C:\Users\nguye\AppData\Local\Temp\capture315.props -Dfile.encoding=UTF-8 
java_command: me.fun.inspirational.crawl.flow.InspirationalCrawler
java_class_path (initial): G:\Dev\Development\Source\java\idea\inspirationalcrawling\out\production\classes;C:\Users\nguye\.gradle\caches\modules-2\files-2.1\org.apache.httpcomponents\httpclient\4.5\a1e6cbb3cc2c5f210dd1310ff9fcb2c09c0d1438\httpclient-4.5.jar;C:\Users\nguye\.gradle\caches\modules-2\files-2.1\org.jsoup\jsoup\1.7.2\d7e275ba05aa380ca254f72d0c0ffebaedc3adcf\jsoup-1.7.2.jar;C:\Users\nguye\.gradle\caches\modules-2\files-2.1\org.apache.httpcomponents\httpcore\4.4.1\f5aa318bda4c6c8d688c9d00b90681dcd82ce636\httpcore-4.4.1.jar;C:\Users\nguye\.gradle\caches\modules-2\files-2.1\commons-logging\commons-logging\1.2\4bfc12adfe4842bf07b657f0369c4cb522955686\commons-logging-1.2.jar;C:\Users\nguye\.gradle\caches\modules-2\files-2.1\commons-codec\commons-codec\1.9\9ce04e34240f674bc72680f8b843b1457383161a\commons-codec-1.9.jar;C:\Program Files\JetBrains\IntelliJ IDEA Community Edition 2017.3.4\lib\idea_rt.jar
Launcher Type: SUN_STANDARD

Logging:
Log output configuration:
#0: stdout all=warning uptime,level,tags
#1: stderr all=off uptime,level,tags

Environment Variables:
JAVA_HOME=C:\Java\jdk-9.0.4_windows-x64
JRE_HOME=C:\Java\jre-9.0.4_windows-x64
PATH=C:\ProgramData\Oracle\Java\javapath;C:\oraclexe\app\oracle\product\11.2.0\server\bin;C:\Program Files (x86)\Intel\iCLS Client\;C:\Program Files\Intel\iCLS Client\;C:\WINDOWS\system32;C:\WINDOWS;C:\WINDOWS\System32\Wbem;C:\WINDOWS\System32\WindowsPowerShell\v1.0\;C:\Program Files (x86)\Intel\Intel(R) Management Engine Components\DAL;C:\Program Files\Intel\Intel(R) Management Engine Components\DAL;C:\Program Files (x86)\Intel\Intel(R) Management Engine Components\IPT;C:\Program Files\Intel\Intel(R) Management Engine Components\IPT;C:\Program Files (x86)\Calibre2\;C:\Program Files (x86)\Windows Kits\8.1\Windows Performance Toolkit\;C:\Program Files\PuTTY\;C:\Program Files\Git\cmd;C:\Program Files (x86)\Skype\Phone\;G:\Dev\Development\buildtool\gradle-4.5.1\bin;C:\Users\nguye\AppData\Local\Programs\Python\Python36\python.exe;C:\Users\nguye\AppData\Local\Programs\Python\Python36\;C:\Users\nguye\AppData\Local\Programs\Python\Python36\Scripts\;C:\Python27;C:\Python27\Scripts;C:\Users\nguye\AppData\Local\Microsoft\WindowsApps;C:\Java\jdk-9.0.4_windows-x64\bin;C:\oraclexe\app\oracle\product\11.2.0\server\bin;C:\Program Files\Notepad++;G:\Dev\Development\DBMS\mysql-5.7.20-winx64\bin;G:\Dev\Development\server\apache-tomcat-8.0.48\bin;G:\Dev\Development\buildtool\apache-maven-3.5.2\bin;G:\Dev\Development\axis2\savings - axis 1.4\axis-1.4\bin;C:\Program Files\Microsoft VS Code\bin;C:\Groovy\groovy-2.4.13\bin;
USERNAME=nguye
OS=Windows_NT
PROCESSOR_IDENTIFIER=Intel64 Family 6 Model 78 Stepping 3, GenuineIntel



---------------  S Y S T E M  ---------------

OS: Windows 10 , 64 bit Build 16299 (10.0.16299.15)

CPU:total 4 (initial active 4) (2 cores per cpu, 2 threads per core) family 6 model 78 stepping 3, cmov, cx8, fxsr, mmx, sse, sse2, sse3, ssse3, sse4.1, sse4.2, popcnt, avx, avx2, aes, clmul, erms, rtm, 3dnowpref, lzcnt, ht, tsc, tscinvbit, bmi1, bmi2, adx, fma

Memory: 4k page, physical 12453884k(5209416k free), swap 15730684k(3697472k free)

vm_info: Java HotSpot(TM) 64-Bit Server VM (9.0.4+11) for windows-amd64 JRE (9.0.4+11), built on Dec 20 2017 02:18:54 by "mach5one" with MS VC++ 12.0 (VS2013)

END.
